<?xml version="1.0" encoding="UTF-8"?>
<!-- Generated by org.testng.reporters.JUnitReportReporter -->
<testsuite hostname="DESKTOP-G0HN17H" failures="0" tests="2" name="runner.TestRunner" time="16.524" errors="0" timestamp="2020-07-29T17:13:06 EEST" skipped="0">
  <testcase classname="runner.TestRunner" name="runScenario" time="5.674"/>
  <system-out/>
  <testcase classname="runner.TestRunner" name="runScenario" time="10.850"/>
  <system-out/>
</testsuite> <!-- runner.TestRunner -->
