<?xml version="1.0" encoding="UTF-8"?>
<!-- Generated by org.testng.reporters.JUnitReportReporter -->
<testsuite hostname="DESKTOP-G0HN17H" failures="0" tests="2" name="runner.TestRunner" time="15.267" errors="0" timestamp="2020-07-29T17:59:15 EEST" skipped="0">
  <testcase classname="runner.TestRunner" name="runScenario" time="5.506"/>
  <system-out/>
  <testcase classname="runner.TestRunner" name="runScenario" time="9.761"/>
  <system-out/>
</testsuite> <!-- runner.TestRunner -->
